<?xml version="1.0" encoding="UTF-8"?>
<testsuite name="com.savochkin.twitter.domain.TwitterTest" tests="7" skipped="0" failures="0" errors="0" timestamp="2022-06-27T05:25:31" hostname="MacBook-Pro-9.local" time="0.976">
  <properties/>
  <testcase name="testFollowUserAndCheckPostsAdded()" classname="com.savochkin.twitter.domain.TwitterTest" time="0.29"/>
  <testcase name="testPostTweet()" classname="com.savochkin.twitter.domain.TwitterTest" time="0.005"/>
  <testcase name="test01()" classname="com.savochkin.twitter.domain.TwitterTest" time="0.033"/>
  <testcase name="testFollowUserAndCheckPostsAddedInRightOrder()" classname="com.savochkin.twitter.domain.TwitterTest" time="0.004"/>
  <testcase name="testUnfollowUserAndCheckPostsInRightOrder()" classname="com.savochkin.twitter.domain.TwitterTest" time="0.014"/>
  <testcase name="testUnfollowUserAndCheckPostsRemoved()" classname="com.savochkin.twitter.domain.TwitterTest" time="0.003"/>
  <testcase name="testStress()" classname="com.savochkin.twitter.domain.TwitterTest" time="0.61"/>
  <system-out><![CDATA[08:25:24.955 [Test worker] DEBUG org.springframework.test.context.BootstrapUtils - Instantiating CacheAwareContextLoaderDelegate from class [org.springframework.test.context.cache.DefaultCacheAwareContextLoaderDelegate]
08:25:24.968 [Test worker] DEBUG org.springframework.test.context.BootstrapUtils - Instantiating BootstrapContext using constructor [public org.springframework.test.context.support.DefaultBootstrapContext(java.lang.Class,org.springframework.test.context.CacheAwareContextLoaderDelegate)]
08:25:25.022 [Test worker] DEBUG org.springframework.test.context.BootstrapUtils - Instantiating TestContextBootstrapper for test class [com.savochkin.twitter.domain.TwitterTest] from class [org.springframework.boot.test.context.SpringBootTestContextBootstrapper]
08:25:25.035 [Test worker] INFO org.springframework.boot.test.context.SpringBootTestContextBootstrapper - Neither @ContextConfiguration nor @ContextHierarchy found for test class [com.savochkin.twitter.domain.TwitterTest], using SpringBootContextLoader
08:25:25.039 [Test worker] DEBUG org.springframework.test.context.support.AbstractContextLoader - Did not detect default resource location for test class [com.savochkin.twitter.domain.TwitterTest]: class path resource [com/savochkin/twitter/domain/TwitterTest-context.xml] does not exist
08:25:25.040 [Test worker] DEBUG org.springframework.test.context.support.AbstractContextLoader - Did not detect default resource location for test class [com.savochkin.twitter.domain.TwitterTest]: class path resource [com/savochkin/twitter/domain/TwitterTestContext.groovy] does not exist
08:25:25.040 [Test worker] INFO org.springframework.test.context.support.AbstractContextLoader - Could not detect default resource locations for test class [com.savochkin.twitter.domain.TwitterTest]: no resource found for suffixes {-context.xml, Context.groovy}.
08:25:25.041 [Test worker] INFO org.springframework.test.context.support.AnnotationConfigContextLoaderUtils - Could not detect default configuration classes for test class [com.savochkin.twitter.domain.TwitterTest]: TwitterTest does not declare any static, non-private, non-final, nested classes annotated with @Configuration.
08:25:25.092 [Test worker] DEBUG org.springframework.test.context.support.ActiveProfilesUtils - Could not find an 'annotation declaring class' for annotation type [org.springframework.test.context.ActiveProfiles] and class [com.savochkin.twitter.domain.TwitterTest]
08:25:25.187 [Test worker] DEBUG org.springframework.context.annotation.ClassPathScanningCandidateComponentProvider - Identified candidate component class: file [/Users/Savochkin/Downloads/MyTwitter/build/classes/java/main/com/savochkin/twitter/TwitterApplication.class]
08:25:25.190 [Test worker] INFO org.springframework.boot.test.context.SpringBootTestContextBootstrapper - Found @SpringBootConfiguration com.savochkin.twitter.TwitterApplication for test class com.savochkin.twitter.domain.TwitterTest
08:25:25.275 [Test worker] DEBUG org.springframework.boot.test.context.SpringBootTestContextBootstrapper - @TestExecutionListeners is not present for class [com.savochkin.twitter.domain.TwitterTest]: using defaults.
08:25:25.276 [Test worker] INFO org.springframework.boot.test.context.SpringBootTestContextBootstrapper - Loaded default TestExecutionListener class names from location [META-INF/spring.factories]: [org.springframework.boot.test.autoconfigure.restdocs.RestDocsTestExecutionListener, org.springframework.boot.test.autoconfigure.web.client.MockRestServiceServerResetTestExecutionListener, org.springframework.boot.test.autoconfigure.web.servlet.MockMvcPrintOnlyOnFailureTestExecutionListener, org.springframework.boot.test.autoconfigure.web.servlet.WebDriverTestExecutionListener, org.springframework.boot.test.autoconfigure.webservices.client.MockWebServiceServerTestExecutionListener, org.springframework.boot.test.mock.mockito.MockitoTestExecutionListener, org.springframework.boot.test.mock.mockito.ResetMocksTestExecutionListener, org.springframework.test.context.web.ServletTestExecutionListener, org.springframework.test.context.support.DirtiesContextBeforeModesTestExecutionListener, org.springframework.test.context.event.ApplicationEventsTestExecutionListener, org.springframework.test.context.support.DependencyInjectionTestExecutionListener, org.springframework.test.context.support.DirtiesContextTestExecutionListener, org.springframework.test.context.transaction.TransactionalTestExecutionListener, org.springframework.test.context.jdbc.SqlScriptsTestExecutionListener, org.springframework.test.context.event.EventPublishingTestExecutionListener]
08:25:25.297 [Test worker] INFO org.springframework.boot.test.context.SpringBootTestContextBootstrapper - Using TestExecutionListeners: [org.springframework.test.context.web.ServletTestExecutionListener@66ce957f, org.springframework.test.context.support.DirtiesContextBeforeModesTestExecutionListener@55b5f5d2, org.springframework.test.context.event.ApplicationEventsTestExecutionListener@5bfa8cc5, org.springframework.boot.test.mock.mockito.MockitoTestExecutionListener@666b83a4, org.springframework.boot.test.autoconfigure.SpringBootDependencyInjectionTestExecutionListener@749c877b, org.springframework.test.context.support.DirtiesContextTestExecutionListener@efde75f, org.springframework.test.context.transaction.TransactionalTestExecutionListener@16ecee1, org.springframework.test.context.jdbc.SqlScriptsTestExecutionListener@3b220bcb, org.springframework.test.context.event.EventPublishingTestExecutionListener@2b95e48b, org.springframework.boot.test.autoconfigure.restdocs.RestDocsTestExecutionListener@4a3329b9, org.springframework.boot.test.autoconfigure.web.client.MockRestServiceServerResetTestExecutionListener@3dddefd8, org.springframework.boot.test.autoconfigure.web.servlet.MockMvcPrintOnlyOnFailureTestExecutionListener@160ac7fb, org.springframework.boot.test.autoconfigure.web.servlet.WebDriverTestExecutionListener@12bfd80d, org.springframework.boot.test.autoconfigure.webservices.client.MockWebServiceServerTestExecutionListener@41925502, org.springframework.boot.test.mock.mockito.ResetMocksTestExecutionListener@13e3c1c7]
08:25:25.301 [Test worker] DEBUG org.springframework.test.context.support.AbstractDirtiesContextTestExecutionListener - Before test class: context [DefaultTestContext@37bd68c3 testClass = TwitterTest, testInstance = [null], testMethod = [null], testException = [null], mergedContextConfiguration = [WebMergedContextConfiguration@60f7cc1d testClass = TwitterTest, locations = '{}', classes = '{class com.savochkin.twitter.TwitterApplication}', contextInitializerClasses = '[]', activeProfiles = '{}', propertySourceLocations = '{}', propertySourceProperties = '{org.springframework.boot.test.context.SpringBootTestContextBootstrapper=true}', contextCustomizers = set[org.springframework.boot.test.autoconfigure.actuate.metrics.MetricsExportContextCustomizerFactory$DisableMetricExportContextCustomizer@73d983ea, org.springframework.boot.test.autoconfigure.properties.PropertyMappingContextCustomizer@0, org.springframework.boot.test.autoconfigure.web.servlet.WebDriverContextCustomizerFactory$Customizer@c7ba306, org.springframework.boot.test.context.filter.ExcludeFilterContextCustomizer@6c4980d3, org.springframework.boot.test.json.DuplicateJsonObjectContextCustomizerFactory$DuplicateJsonObjectContextCustomizer@38b27cdc, org.springframework.boot.test.mock.mockito.MockitoContextCustomizer@0, org.springframework.boot.test.web.client.TestRestTemplateContextCustomizer@401f7633, org.springframework.boot.test.context.SpringBootTestArgs@1, org.springframework.boot.test.context.SpringBootTestWebEnvironment@ed7f8b4], resourceBasePath = 'src/main/webapp', contextLoader = 'org.springframework.boot.test.context.SpringBootContextLoader', parent = [null]], attributes = map['org.springframework.test.context.web.ServletTestExecutionListener.activateListener' -> true]], class annotated with @DirtiesContext [false] with mode [null].

  .   ____          _            __ _ _
 /\\ / ___'_ __ _ _(_)_ __  __ _ \ \ \ \
( ( )\___ | '_ | '_| | '_ \/ _` | \ \ \ \
 \\/  ___)| |_)| | | | | || (_| |  ) ) ) )
  '  |____| .__|_| |_|_| |_\__, | / / / /
 =========|_|==============|___/=/_/_/_/
 :: Spring Boot ::                (v2.7.1)

2022-06-27 08:25:25.890  INFO 92066 --- [    Test worker] c.savochkin.twitter.domain.TwitterTest   : Starting TwitterTest using Java 18.0.1.1 on MacBook-Pro-9.local with PID 92066 (started by Savochkin in /Users/Savochkin/Downloads/MyTwitter)
2022-06-27 08:25:25.894  INFO 92066 --- [    Test worker] c.savochkin.twitter.domain.TwitterTest   : No active profile set, falling back to 1 default profile: "default"
2022-06-27 08:25:26.915  INFO 92066 --- [    Test worker] .s.d.r.c.RepositoryConfigurationDelegate : Bootstrapping Spring Data JPA repositories in DEFAULT mode.
2022-06-27 08:25:26.970  INFO 92066 --- [    Test worker] .s.d.r.c.RepositoryConfigurationDelegate : Finished Spring Data repository scanning in 47 ms. Found 1 JPA repository interfaces.
2022-06-27 08:25:27.870  INFO 92066 --- [    Test worker] com.zaxxer.hikari.HikariDataSource       : HikariPool-1 - Starting...
2022-06-27 08:25:28.071  INFO 92066 --- [    Test worker] com.zaxxer.hikari.HikariDataSource       : HikariPool-1 - Start completed.
2022-06-27 08:25:28.206  INFO 92066 --- [    Test worker] o.hibernate.jpa.internal.util.LogHelper  : HHH000204: Processing PersistenceUnitInfo [name: default]
2022-06-27 08:25:28.263  INFO 92066 --- [    Test worker] org.hibernate.Version                    : HHH000412: Hibernate ORM core version 5.6.9.Final
2022-06-27 08:25:28.461  INFO 92066 --- [    Test worker] o.hibernate.annotations.common.Version   : HCANN000001: Hibernate Commons Annotations {5.1.2.Final}
2022-06-27 08:25:28.590  INFO 92066 --- [    Test worker] org.hibernate.dialect.Dialect            : HHH000400: Using dialect: org.hibernate.dialect.H2Dialect
2022-06-27 08:25:29.043  INFO 92066 --- [    Test worker] o.h.e.t.j.p.i.JtaPlatformInitiator       : HHH000490: Using JtaPlatform implementation: [org.hibernate.engine.transaction.jta.platform.internal.NoJtaPlatform]
2022-06-27 08:25:29.050  INFO 92066 --- [    Test worker] j.LocalContainerEntityManagerFactoryBean : Initialized JPA EntityManagerFactory for persistence unit 'default'
2022-06-27 08:25:30.007  WARN 92066 --- [    Test worker] JpaBaseConfiguration$JpaWebConfiguration : spring.jpa.open-in-view is enabled by default. Therefore, database queries may be performed during view rendering. Explicitly configure spring.jpa.open-in-view to disable this warning
2022-06-27 08:25:31.228  INFO 92066 --- [    Test worker] c.savochkin.twitter.domain.TwitterTest   : Started TwitterTest in 5.869 seconds (JVM running for 7.294)
Setting up readers...
setting up readers took 38 ms.
Readers now following writers
posting tweets took 492 ms.
Writers have posted all tweets
following/unfollowing  took 43 ms.
Each reader unfollowed 1 writer and followed another 1
stress test took 584 ms.
]]></system-out>
  <system-err><![CDATA[]]></system-err>
</testsuite>
